\BOOKMARK [0][]{thuchapter.1.0}{\376\377\166\356\000\040\137\125}{}% 1
\BOOKMARK [0][]{chapter*.3}{\376\377\136\217\212\000}{}% 2
\BOOKMARK [0][]{thuchapter.2.0}{\376\377\116\073\211\201\173\046\123\367\133\371\161\147\210\150}{}% 3
\BOOKMARK [0][]{chapter.1}{\376\377\173\054\0001\172\340\000\040\000\040\127\372\147\054\151\202\137\365}{}% 4
\BOOKMARK [1][-]{section.1.1}{\376\377\0001\000.\0001\000\040\176\303\116\140}{chapter.1}% 5
\BOOKMARK [0][]{chapter.2}{\376\377\173\054\0002\172\340\000\040\000\040\123\302\145\160\117\060\213\241}{}% 6
\BOOKMARK [1][-]{section.2.1}{\376\377\0002\000.\0001\000\040\176\303\116\140}{chapter.2}% 7
\BOOKMARK [0][]{chapter.3}{\376\377\173\054\0003\172\340\000\040\000\040\120\107\213\276\150\300\232\214}{}% 8
\BOOKMARK [1][-]{section.3.1}{\376\377\0003\000.\0001\000\040\176\303\116\140}{chapter.3}% 9
\BOOKMARK [0][]{chapter.4}{\376\377\173\054\0004\172\340\000\040\000\040\123\072\225\364\117\060\213\241}{}% 10
\BOOKMARK [1][-]{section.4.1}{\376\377\0004\000.\0001\000\040\176\303\116\140}{chapter.4}% 11
\BOOKMARK [0][]{chapter.5}{\376\377\173\054\0005\172\340\000\040\000\040\122\006\174\173}{}% 12
\BOOKMARK [1][-]{section.5.1}{\376\377\0005\000.\0001\000\040\176\303\116\140}{chapter.5}% 13
\BOOKMARK [0][]{chapter.6}{\376\377\173\054\0006\172\340\000\040\000\040\211\343\214\061\154\325}{}% 14
\BOOKMARK [1][-]{section.6.1}{\376\377\0006\000.\0001\000\040\176\303\116\140}{chapter.6}% 15
\BOOKMARK [0][]{chapter.7}{\376\377\173\054\0007\172\340\000\040\000\040\176\246\147\137\142\337\124\010}{}% 16
\BOOKMARK [1][-]{section.7.1}{\376\377\0007\000.\0001\000\040\176\303\116\140}{chapter.7}% 17
\BOOKMARK [0][]{chapter.8}{\376\377\173\054\0008\172\340\000\040\000\040\131\202\117\125\131\004\164\006\174\373\176\337\116\015\170\156\133\232\136\246}{}% 18
\BOOKMARK [1][-]{section.8.1}{\376\377\0008\000.\0001\000\040\176\303\116\140}{chapter.8}% 19
\BOOKMARK [0][]{chapter.9}{\376\377\173\054\0009\172\340\000\040\000\040\164\006\213\272\116\015\170\156\133\232\136\246}{}% 20
\BOOKMARK [1][-]{section.9.1}{\376\377\0009\000.\0001\000\040\176\303\116\140}{chapter.9}% 21
\BOOKMARK [0][]{chapter.10}{\376\377\173\054\0001\0000\172\340\000\040\000\040\232\330\200\375\162\151\164\006\230\206\127\337\136\070\165\050\166\204\176\337\213\241\145\271\154\325}{}% 22
\BOOKMARK [1][-]{section.10.1}{\376\377\0001\0000\000.\0001\000\040\176\303\116\140}{chapter.10}% 23
\BOOKMARK [0][]{chapter.11}{\376\377\173\054\0001\0001\172\340\000\040\000\040\122\006\147\220\133\236\117\213}{}% 24
\BOOKMARK [1][-]{section.11.1}{\376\377\0001\0001\000.\0001\000\040\176\303\116\140}{chapter.11}% 25
